<?xml version="1.0" encoding="UTF-8"?>
<!-- Generated by org.testng.reporters.JUnitXMLReporter -->
<testsuite ignored="0" hostname="DESKTOP-EV2BHV8" failures="0" tests="10" name="OnlinebankTest" time="287.666" errors="0" timestamp="2022-12-14T22:32:24 IST">
  <testcase classname="com.bank.qa.test.Cust_HomePage_Test" name="select_individual_Cust_Test" time="9.536"/>
  <testcase classname="com.bank.qa.test.Individual_Cust_Deposite_Test" name="verify_individualTitle_Test" time="0.042"/>
  <testcase classname="com.bank.qa.test.Individual_Cust_Deposite_Test" name="username_Test" time="0.308"/>
  <testcase classname="com.bank.qa.test.Individual_Cust_Deposite_Test" name="deposit_money_to_accTest" time="9.299"/>
  <testcase classname="com.bank.qa.test.Individual_Cust_Deposite_Test" name="withdraw_money_to_accTest" time="8.859"/>
  <testcase classname="com.bank.qa.test.Individual_Cust_Deposite_Test" name="transaction_Test" time="0.243"/>
  <testcase classname="com.bank.qa.test.HomePageTest" name="homepagetital_Test" time="0.012"/>
  <testcase classname="com.bank.qa.test.HomePageTest" name="Cust_loginTest" time="1.076"/>
  <testcase classname="com.bank.qa.test.HomePageTest" name="home_button_vibilityTest" time="0.985"/>
  <testcase classname="com.bank.qa.test.HomePageTest" name="BankManager_loginTest" time="1.45"/>
</testsuite> <!-- OnlinebankTest -->
